[07:57:07] [Render thread/INFO]: [System] [CHAT] [07:57:07] Inventory saved.
[07:57:07] [Render thread/INFO]: [System] [CHAT] [07:57:07] You joined a random team!
[07:57:07] [Render thread/INFO]: [System] [CHAT] [07:57:07] Match status: A new match starts soon!
[07:57:07] [Render thread/INFO]: [System] [CHAT] [07:57:07] Vote for the next arena now! /pb vote [id]
[07:57:07] [Render thread/INFO]: [System] [CHAT] [07:57:07] 1 : hockey [0]
[07:57:07] [Render thread/INFO]: [System] [CHAT] [07:57:07] 2 : mine [0]
[07:57:07] [Render thread/INFO]: [System] [CHAT] [07:57:07] 3 : mansion [0]
[07:57:07] [Render thread/INFO]: [System] [CHAT] [07:57:07] 4 : geburtstag [0]
[07:57:07] [Render thread/INFO]: [System] [CHAT] [07:57:07] 5 : metro [0]
[07:57:07] [Render thread/INFO]: [System] [CHAT] [07:57:07] 6 : dust_1 [0]
[07:57:07] [Render thread/INFO]: [System] [CHAT] [07:57:07] 7 : Südpol [0]
[07:57:07] [Render thread/INFO]: [System] [CHAT] [07:57:07] 8 : Random Other Arena [0]
[07:57:07] [Render thread/INFO]: [System] [CHAT] [07:57:07] Waiting players: (2 [0][0][2][0] / 2)
[07:57:17] [Render thread/INFO]: [System] [CHAT] [07:57:17] Countdown: Match starts in 20 seconds!
[07:57:22] [Render thread/INFO]: [System] [CHAT] [07:57:22] Vote for the next arena now! /pb vote [id]
[07:57:22] [Render thread/INFO]: [System] [CHAT] [07:57:22] 1 : hockey [0]
[07:57:22] [Render thread/INFO]: [System] [CHAT] [07:57:22] 2 : mine [0]
[07:57:22] [Render thread/INFO]: [System] [CHAT] [07:57:22] 3 : mansion [0]
[07:57:22] [Render thread/INFO]: [System] [CHAT] [07:57:22] 4 : geburtstag [0]
[07:57:22] [Render thread/INFO]: [System] [CHAT] [07:57:22] 5 : metro [0]
[07:57:22] [Render thread/INFO]: [System] [CHAT] [07:57:22] 6 : dust_1 [0]
[07:57:22] [Render thread/INFO]: [System] [CHAT] [07:57:22] 7 : Südpol [0]
[07:57:22] [Render thread/INFO]: [System] [CHAT] [07:57:22] 8 : Random Other Arena [0]
[07:57:24] [Render thread/INFO]: [System] [CHAT] [07:57:24] * Wulfens left the game.
[07:57:27] [Render thread/INFO]: [System] [CHAT] [07:57:27] Countdown: Match starts in 10 seconds!
[07:57:32] [Render thread/INFO]: [System] [CHAT] [07:57:32] Countdown: Match starts in 5 seconds!
[07:57:33] [Render thread/INFO]: [System] [CHAT] [07:57:33] Countdown: Match starts in 4 seconds!
[07:57:34] [Render thread/INFO]: [System] [CHAT] [07:57:34] Countdown: Match starts in 3 seconds!
[07:57:35] [Render thread/INFO]: [System] [CHAT] [07:57:35] Countdown: Match starts in 2 seconds!
[07:57:36] [Render thread/INFO]: [System] [CHAT] [07:57:36] Nobody has voted.
[07:57:36] [Render thread/INFO]: [System] [CHAT] [07:57:36] Countdown: Match starts in 1 seconds!
[07:57:37] [Render thread/INFO]: [System] [CHAT] [07:57:37] Match status: Match starts! Arena: dust
[07:57:37] [Render thread/INFO]: [System] [CHAT] [07:57:37] Match status: 2 players: [0][0][2][0]
[07:57:37] [Render thread/INFO]: [System] [CHAT] [07:57:37] You are in Team blue
[07:57:37] [Render thread/INFO]: [System] [CHAT] [07:57:37] Protected for: 7sec
[07:57:37] [Render thread/INFO]: [System] [CHAT] [07:57:37] Starts in 5 seconds!
[07:57:38] [Render thread/INFO]: [System] [CHAT] [07:57:38] Starts in 4 seconds!
[07:57:39] [Render thread/INFO]: [System] [CHAT] [07:57:39] Starts in 3 seconds!
[07:57:40] [Render thread/INFO]: [System] [CHAT] [07:57:40] Starts in 2 seconds!
[07:57:41] [Render thread/INFO]: [System] [CHAT] [07:57:41] Paintball Player Overview:
[07:57:41] [Render thread/INFO]: [System] [CHAT] [07:57:41] RED ( 0 ):
[07:57:41] [Render thread/INFO]: [System] [CHAT] [07:57:41] BLUE ( 0 ):
[07:57:41] [Render thread/INFO]: [System] [CHAT] [07:57:41] RANDOM ( 2 ):
[07:57:41] [Render thread/INFO]: [System] [CHAT] [07:57:41] Becky0810 : playing
[07:57:41] [Render thread/INFO]: [System] [CHAT] [07:57:41] LunarAkai : playing
[07:57:41] [Render thread/INFO]: [System] [CHAT] [07:57:41] SPECTATE ( 0 ):
[07:57:41] [Render thread/INFO]: [System] [CHAT] [07:57:41] LOBBY ( 2 ):
[07:57:41] [Render thread/INFO]: [System] [CHAT] [07:57:41] Starts in 1 seconds!
[07:57:42] [Render thread/INFO]: [System] [CHAT] [07:57:42] Match status: Lives: 1 Respawns: 3 Round Time: 240 seconds
[07:57:42] [Render thread/INFO]: [System] [CHAT] [07:57:42] Match status: Round started! GO GO GO!
[07:57:42] [Render thread/INFO]: [System] [CHAT] [07:57:42] [Paintball] Round Timer: 240 seconds left
[07:57:43] [Render thread/INFO]: [System] [CHAT] [07:57:43] Paintball Player Overview:
[07:57:43] [Render thread/INFO]: [System] [CHAT] [07:57:43] RED ( 0 ):
[07:57:43] [Render thread/INFO]: [System] [CHAT] [07:57:43] BLUE ( 0 ):
[07:57:43] [Render thread/INFO]: [System] [CHAT] [07:57:43] RANDOM ( 2 ):
[07:57:43] [Render thread/INFO]: [System] [CHAT] [07:57:43] Becky0810 : playing
[07:57:43] [Render thread/INFO]: [System] [CHAT] [07:57:43] LunarAkai : playing
[07:57:43] [Render thread/INFO]: [System] [CHAT] [07:57:43] TestPlayer : playing
[07:57:43] [Render thread/INFO]: [System] [CHAT] [07:57:43] SPECTATE ( 0 ):
[07:57:43] [Render thread/INFO]: [System] [CHAT] [07:57:43] LOBBY ( 2 ):
[07:57:48] [Render thread/INFO]: [System] [CHAT] [07:57:48] Protection is over!
[07:57:56] [Render thread/INFO]: [System] [CHAT] [07:57:56] Paintball Player Overview:
[07:57:56] [Render thread/INFO]: [System] [CHAT] [07:57:56] RED ( 0 ):
[07:57:56] [Render thread/INFO]: [System] [CHAT] [07:57:56] BLUE ( 0 ):
[07:57:56] [Render thread/INFO]: [System] [CHAT] [07:57:56] RANDOM ( 2 ):
[07:57:56] [Render thread/INFO]: [System] [CHAT] [07:57:56] Becky0810 : playing
[07:57:56] [Render thread/INFO]: [System] [CHAT] [07:57:56] LunarAkai : playing
[07:57:56] [Render thread/INFO]: [System] [CHAT] [07:57:56] SPECTATE ( 0 ):
[07:57:56] [Render thread/INFO]: [System] [CHAT] [07:57:56] LOBBY ( 2 ):
[07:58:04] [Render thread/INFO]: [System] [CHAT] [07:58:04] You killed Becky0810! 2 points and 10$ Cash!
[07:58:04] [Render thread/INFO]: [System] [CHAT] [07:58:04] [Paintball] LunarAkai [3/4] fragged Becky0810 [3/4]
[07:58:12] [Render thread/INFO]: [System] [CHAT] [07:58:12] [Paintball] Round Timer: 210 seconds left
[07:58:15] [Render thread/INFO]: [System] [CHAT] [07:58:15] You killed Becky0810! 2 points and 10$ Cash!
[07:58:15] [Render thread/INFO]: [System] [CHAT] [07:58:15] [Paintball] LunarAkai [3/4] fragged Becky0810 [2/4]
[07:58:24] [Render thread/INFO]: [System] [CHAT] [07:58:24] You killed Becky0810! 2 points and 10$ Cash!
[07:58:24] [Render thread/INFO]: [System] [CHAT] [07:58:24] [Paintball] LunarAkai [3/4] fragged Becky0810 [1/4]
[07:58:24] [Render thread/INFO]: [System] [CHAT] [07:58:24] [Paintball] [AFK-Detection] Becky0810 was forced to leave his team
[07:58:24] [Render thread/INFO]: [System] [CHAT] [07:58:24] -------------------------------------------------
[07:58:24] [Render thread/INFO]: [System] [CHAT] [07:58:24] Match status: Match is over!
[07:58:24] [Render thread/INFO]: [System] [CHAT] [07:58:24] Team blue (1 players) has won against team red (1 players)
[07:58:24] [Render thread/INFO]: [System] [CHAT] [07:58:24] Winner bonus: 5 points and 10$ cash!
[07:58:24] [Render thread/INFO]: [System] [CHAT] [07:58:24] Round bonus for everyone: 1 points and 0$ cash!
[07:58:24] [Render thread/INFO]: [System] [CHAT] [07:58:24] Some match stats:
[07:58:24] [Render thread/INFO]: [System] [CHAT] [07:58:24] Shots fired: 3
[07:58:24] [Render thread/INFO]: [System] [CHAT] [07:58:24] Hits: 3
[07:58:24] [Render thread/INFO]: [System] [CHAT] [07:58:24] Teamattacks: 0
[07:58:24] [Render thread/INFO]: [System] [CHAT] [07:58:24] Kills: 3
[07:58:24] [Render thread/INFO]: [System] [CHAT] [07:58:24] -------------------------------------------------
[07:58:24] [Render thread/INFO]: [System] [CHAT] [07:58:24] Match status: You have won!
[07:58:24] [Render thread/INFO]: [System] [CHAT] [07:58:24] Match status: Choose your team now!
[07:58:24] [Render thread/INFO]: [System] [CHAT] [07:58:24] Waiting players: (1 [0][0][1][0] / 2)
[07:58:24] [Render thread/INFO]: [System] [CHAT] [07:58:24] Match status: not enough waiting players
[07:58:33] [Render thread/INFO]: [System] [CHAT] [07:58:33] Inventory restored.
[07:57:42] [Render thread/INFO]: [System] [CHAT] [07:57:42] Match status: Round started! GO GO GO!
[07:57:56] [Render thread/INFO]: [System] [CHAT] [07:57:56] LunarAkai : playing
[07:57:43] [Render thread/INFO]: [System] [CHAT] [07:57:43] TestPlayer : playing
[07:57:56] [Render thread/INFO]: [System] [CHAT] [07:57:56] Brokkonaut : playing
[07:57:56] [Render thread/INFO]: [System] [CHAT] [07:57:56] Lorenz1998 : playing
